<?xml version="1.0" encoding="UTF-8"?>
<!-- Generated by org.testng.reporters.JUnitReportReporter -->
<testsuite skipped="0" hostname="IBM925-PC0GJ3K1" name="com.training.sanity.tests.FilterProductReturnTests" tests="3" failures="0" timestamp="25 Feb 2019 09:44:21 GMT" time="6.890" errors="0">
  <testcase name="showReturnsTest" time="4.643" classname="com.training.sanity.tests.FilterProductReturnTests"/>
  <testcase name="testWithReturnID" time="1.212" classname="com.training.sanity.tests.FilterProductReturnTests"/>
  <testcase name="testWithCustomerName" time="1.035" classname="com.training.sanity.tests.FilterProductReturnTests"/>
</testsuite> <!-- com.training.sanity.tests.FilterProductReturnTests -->
