<?xml version="1.0" encoding="UTF-8"?>
<!-- Generated by org.testng.reporters.JUnitReportReporter -->
<testsuite skipped="0" hostname="IBM925-PC0GJ3K1" name="com.training.sanity.tests.AdminFilterOrderDetailsTests" tests="6" failures="0" timestamp="24 Feb 2019 14:30:22 GMT" time="22.306" errors="0">
  <testcase name="showOrders" time="4.792" classname="com.training.sanity.tests.AdminFilterOrderDetailsTests"/>
  <testcase name="testWithOrderID" time="1.300" classname="com.training.sanity.tests.AdminFilterOrderDetailsTests"/>
  <testcase name="testWithOrderStatus" time="3.243" classname="com.training.sanity.tests.AdminFilterOrderDetailsTests"/>
  <testcase name="testWithOrderAddedDate" time="7.955" classname="com.training.sanity.tests.AdminFilterOrderDetailsTests"/>
  <testcase name="testWithOrderDateModified" time="3.834" classname="com.training.sanity.tests.AdminFilterOrderDetailsTests"/>
  <testcase name="testWithCustomerName" time="1.182" classname="com.training.sanity.tests.AdminFilterOrderDetailsTests"/>
</testsuite> <!-- com.training.sanity.tests.AdminFilterOrderDetailsTests -->
