<?xml version="1.0" encoding="UTF-8"?>
<!-- Generated by org.testng.reporters.JUnitReportReporter -->
<testsuite skipped="0" hostname="IBM925-PC0GJ3K1" name="com.training.sanity.tests.TC18FilterProductReturnTests" tests="3" failures="0" timestamp="27 Feb 2019 15:12:07 GMT" time="4.940" errors="0">
  <testcase name="LoginAndReturnsList" time="3.212" classname="com.training.sanity.tests.TC18FilterProductReturnTests"/>
  <testcase name="testWithReturnID" time="0.895" classname="com.training.sanity.tests.TC18FilterProductReturnTests"/>
  <testcase name="testWithCustomerName" time="0.833" classname="com.training.sanity.tests.TC18FilterProductReturnTests"/>
</testsuite> <!-- com.training.sanity.tests.TC18FilterProductReturnTests -->
