<?xml version="1.0" encoding="UTF-8"?>
<!-- Generated by org.testng.reporters.JUnitReportReporter -->
<testsuite skipped="0" hostname="IBM925-PC0GJ3K1" name="com.training.sanity.tests.FilterOrderDetailsTests" tests="3" failures="0" timestamp="18 Feb 2019 04:24:30 GMT" time="4.551" errors="0">
  <testcase name="showOrders" time="2.752" classname="com.training.sanity.tests.FilterOrderDetailsTests"/>
  <testcase name="testWithOrderID" time="0.898" classname="com.training.sanity.tests.FilterOrderDetailsTests"/>
  <testcase name="testWithCustomerName" time="0.901" classname="com.training.sanity.tests.FilterOrderDetailsTests"/>
</testsuite> <!-- com.training.sanity.tests.FilterOrderDetailsTests -->
