<?xml version="1.0" encoding="UTF-8"?>
<!-- Generated by org.testng.reporters.JUnitReportReporter -->
<testsuite skipped="0" hostname="IBM925-PC0GJ3K1" name="com.training.sanity.tests.TC17DeleteOrderDetailsTests" tests="2" failures="0" timestamp="03 Mar 2019 07:56:17 GMT" time="21.529" errors="0">
  <testcase name="showOrders" time="7.495" classname="com.training.sanity.tests.TC17DeleteOrderDetailsTests"/>
  <testcase name="deleteWithOrderID" time="14.034" classname="com.training.sanity.tests.TC17DeleteOrderDetailsTests"/>
</testsuite> <!-- com.training.sanity.tests.TC17DeleteOrderDetailsTests -->
