<?xml version="1.0" encoding="UTF-8"?>
<!-- Generated by org.testng.reporters.JUnitReportReporter -->
<testsuite skipped="0" hostname="IBM925-PC0GJ3K1" name="com.training.sanity.tests.TC46ChangeOrderDetailsTests" tests="4" failures="0" timestamp="03 Mar 2019 07:52:33 GMT" time="27.913" errors="0">
  <testcase name="showOrders" time="2.997" classname="com.training.sanity.tests.TC46ChangeOrderDetailsTests"/>
  <testcase name="editOrderPage" time="9.521" classname="com.training.sanity.tests.TC46ChangeOrderDetailsTests"/>
  <testcase name="editProductPage" time="4.622" classname="com.training.sanity.tests.TC46ChangeOrderDetailsTests"/>
  <testcase name="editPaymentAndShipping" time="10.773" classname="com.training.sanity.tests.TC46ChangeOrderDetailsTests"/>
</testsuite> <!-- com.training.sanity.tests.TC46ChangeOrderDetailsTests -->
