<?xml version="1.0" encoding="UTF-8"?>
<!-- Generated by org.testng.reporters.JUnitReportReporter -->
<testsuite skipped="0" hostname="IBM925-PC0GJ3K1" name="com.training.sanity.tests.FilterProductReturnTests" tests="3" failures="0" timestamp="18 Feb 2019 04:26:51 GMT" time="5.064" errors="0">
  <testcase name="showReturnsTest" time="3.165" classname="com.training.sanity.tests.FilterProductReturnTests"/>
  <testcase name="testWithReturnID" time="0.847" classname="com.training.sanity.tests.FilterProductReturnTests"/>
  <testcase name="testWithCustomerName" time="1.052" classname="com.training.sanity.tests.FilterProductReturnTests"/>
</testsuite> <!-- com.training.sanity.tests.FilterProductReturnTests -->
