<?xml version="1.0" encoding="UTF-8"?>
<!-- Generated by org.testng.reporters.JUnitReportReporter -->
<testsuite skipped="0" hostname="IBM925-PC0GJ3K1" name="com.training.sanity.tests.CustomerDetailsTests" tests="3" failures="0" timestamp="18 Feb 2019 04:24:07 GMT" time="10.671" errors="0">
  <testcase name="showCustomers" time="8.693" classname="com.training.sanity.tests.CustomerDetailsTests"/>
  <testcase name="testWithCustomerName" time="0.954" classname="com.training.sanity.tests.CustomerDetailsTests"/>
  <testcase name="testWithCustomerEmail" time="1.024" classname="com.training.sanity.tests.CustomerDetailsTests"/>
</testsuite> <!-- com.training.sanity.tests.CustomerDetailsTests -->
