<?xml version="1.0" encoding="UTF-8"?>
<!-- Generated by org.testng.reporters.JUnitReportReporter -->
<testsuite skipped="0" hostname="IBM925-PC0GJ3K1" name="com.training.sanity.tests.DeleteReturnProductTests" tests="3" failures="0" timestamp="25 Feb 2019 09:48:22 GMT" time="8.904" errors="0">
  <testcase name="showOrders" time="2.526" classname="com.training.sanity.tests.DeleteReturnProductTests"/>
  <testcase name="addProductReturnDetails" time="5.018" classname="com.training.sanity.tests.DeleteReturnProductTests"/>
  <testcase name="deleteProductReturned" time="1.360" classname="com.training.sanity.tests.DeleteReturnProductTests"/>
</testsuite> <!-- com.training.sanity.tests.DeleteReturnProductTests -->
