<?xml version="1.0" encoding="UTF-8"?>
<!-- Generated by org.testng.reporters.JUnitReportReporter -->
<testsuite skipped="0" hostname="IBM925-PC0GJ3K1" name="com.training.sanity.tests.DeleteOrderDetailsTests" tests="2" failures="0" timestamp="18 Feb 2019 04:47:20 GMT" time="17.594" errors="0">
  <testcase name="showOrders" time="3.386" classname="com.training.sanity.tests.DeleteOrderDetailsTests"/>
  <testcase name="deleteWithOrderID" time="14.208" classname="com.training.sanity.tests.DeleteOrderDetailsTests"/>
</testsuite> <!-- com.training.sanity.tests.DeleteOrderDetailsTests -->
