<?xml version="1.0" encoding="UTF-8"?>
<!-- Generated by org.testng.reporters.JUnitReportReporter -->
<testsuite skipped="0" hostname="IBM925-PC0GJ3K1" name="com.training.sanity.tests.TC50CustomerAddRewardPointsTests" tests="2" failures="0" timestamp="27 Feb 2019 15:11:41 GMT" time="7.208" errors="0">
  <testcase name="LoginAndCustomerList" time="2.924" classname="com.training.sanity.tests.TC50CustomerAddRewardPointsTests"/>
  <testcase name="testWithCustomerName" time="4.284" classname="com.training.sanity.tests.TC50CustomerAddRewardPointsTests"/>
</testsuite> <!-- com.training.sanity.tests.TC50CustomerAddRewardPointsTests -->
