<?xml version="1.0" encoding="UTF-8"?>
<!-- Generated by org.testng.reporters.JUnitReportReporter -->
<testsuite skipped="0" hostname="IBM925-PC0GJ3K1" name="com.training.sanity.tests.countOfOrders" tests="2" failures="0" timestamp="17 Feb 2019 08:39:10 GMT" time="3.954" errors="0">
  <testcase name="showOrders" time="3.871" classname="com.training.sanity.tests.countOfOrders"/>
  <testcase name="showCountOfRows" time="0.083" classname="com.training.sanity.tests.countOfOrders"/>
</testsuite> <!-- com.training.sanity.tests.countOfOrders -->
