<?xml version="1.0" encoding="UTF-8"?>
<!-- Generated by org.testng.reporters.JUnitReportReporter -->
<testsuite skipped="0" hostname="IBM925-PC0GJ3K1" name="com.training.sanity.tests.CustomerAddRewardPointsTests" tests="2" failures="0" timestamp="22 Feb 2019 22:35:11 GMT" time="8.421" errors="0">
  <testcase name="showCustomers" time="3.272" classname="com.training.sanity.tests.CustomerAddRewardPointsTests"/>
  <testcase name="testWithCustomerName" time="5.149" classname="com.training.sanity.tests.CustomerAddRewardPointsTests"/>
</testsuite> <!-- com.training.sanity.tests.CustomerAddRewardPointsTests -->
