<?xml version="1.0" encoding="UTF-8"?>
<!-- Generated by org.testng.reporters.JUnitReportReporter -->
<testsuite skipped="0" hostname="IBM925-PC0GJ3K1" name="com.training.sanity.tests.DeleteProductReturnTests" tests="2" failures="0" timestamp="18 Feb 2019 04:44:38 GMT" time="17.520" errors="0">
  <testcase name="showReturnsTest" time="3.452" classname="com.training.sanity.tests.DeleteProductReturnTests"/>
  <testcase name="deleteWithReturnID" time="14.068" classname="com.training.sanity.tests.DeleteProductReturnTests"/>
</testsuite> <!-- com.training.sanity.tests.DeleteProductReturnTests -->
