<?xml version="1.0" encoding="UTF-8"?>
<!-- Generated by org.testng.reporters.JUnitReportReporter -->
<testsuite skipped="0" hostname="IBM925-PC0GJ3K1" name="com.training.sanity.tests.categoryDetailsTests" tests="3" failures="0" timestamp="22 Feb 2019 08:45:02 GMT" time="20.195" errors="0">
  <testcase name="ShowOrders" time="3.270" classname="com.training.sanity.tests.categoryDetailsTests"/>
  <testcase name="addCategory" time="9.167" classname="com.training.sanity.tests.categoryDetailsTests"/>
  <testcase name="addProduct" time="7.758" classname="com.training.sanity.tests.categoryDetailsTests"/>
</testsuite> <!-- com.training.sanity.tests.categoryDetailsTests -->
