<?xml version="1.0" encoding="UTF-8"?>
<!-- Generated by org.testng.reporters.JUnitReportReporter -->
<testsuite skipped="0" hostname="IBM925-PC0GJ3K1" name="com.training.sanity.tests.AdminLoginTests" tests="1" failures="0" timestamp="27 Feb 2019 13:08:26 GMT" time="12.697" errors="0">
  <testcase name="validLoginTest" time="12.697" classname="com.training.sanity.tests.AdminLoginTests"/>
</testsuite> <!-- com.training.sanity.tests.AdminLoginTests -->
