<?xml version="1.0" encoding="UTF-8"?>
<!-- Generated by org.testng.reporters.JUnitReportReporter -->
<testsuite skipped="0" hostname="IBM925-PC0GJ3K1" name="com.training.sanity.tests.TC48CreateCategoryAddProductDetailsTests" tests="3" failures="0" timestamp="27 Feb 2019 14:01:04 GMT" time="15.560" errors="0">
  <testcase name="Login" time="2.758" classname="com.training.sanity.tests.TC48CreateCategoryAddProductDetailsTests"/>
  <testcase name="addCategory" time="5.239" classname="com.training.sanity.tests.TC48CreateCategoryAddProductDetailsTests"/>
  <testcase name="addProduct" time="7.563" classname="com.training.sanity.tests.TC48CreateCategoryAddProductDetailsTests"/>
</testsuite> <!-- com.training.sanity.tests.TC48CreateCategoryAddProductDetailsTests -->
