<?xml version="1.0" encoding="UTF-8"?>
<!-- Generated by org.testng.reporters.JUnitReportReporter -->
<testsuite skipped="0" hostname="IBM925-PC0GJ3K1" name="com.training.sanity.tests.TC47AdminFilterOrderDetailsTests" tests="6" failures="0" timestamp="03 Mar 2019 07:53:06 GMT" time="9.755" errors="0">
  <testcase name="showOrders" time="3.176" classname="com.training.sanity.tests.TC47AdminFilterOrderDetailsTests"/>
  <testcase name="testWithOrderID" time="1.165" classname="com.training.sanity.tests.TC47AdminFilterOrderDetailsTests"/>
  <testcase name="testWithOrderStatus" time="1.044" classname="com.training.sanity.tests.TC47AdminFilterOrderDetailsTests"/>
  <testcase name="testWithOrderAddedDate" time="1.453" classname="com.training.sanity.tests.TC47AdminFilterOrderDetailsTests"/>
  <testcase name="testWithOrderDateModified" time="1.393" classname="com.training.sanity.tests.TC47AdminFilterOrderDetailsTests"/>
  <testcase name="testWithCustomerName" time="1.524" classname="com.training.sanity.tests.TC47AdminFilterOrderDetailsTests"/>
</testsuite> <!-- com.training.sanity.tests.TC47AdminFilterOrderDetailsTests -->
