<?xml version="1.0" encoding="UTF-8"?>
<!-- Generated by org.testng.reporters.JUnitReportReporter -->
<testsuite skipped="0" hostname="IBM925-PC0GJ3K1" name="com.training.sanity.tests.TC49AddAndDeleteReturnProductTests" tests="3" failures="0" timestamp="27 Feb 2019 16:06:42 GMT" time="9.537" errors="0">
  <testcase name="Login" time="2.469" classname="com.training.sanity.tests.TC49AddAndDeleteReturnProductTests"/>
  <testcase name="addProductReturnDetails" time="5.582" classname="com.training.sanity.tests.TC49AddAndDeleteReturnProductTests"/>
  <testcase name="deleteProductReturned" time="1.486" classname="com.training.sanity.tests.TC49AddAndDeleteReturnProductTests"/>
</testsuite> <!-- com.training.sanity.tests.TC49AddAndDeleteReturnProductTests -->
