<?xml version="1.0" encoding="UTF-8"?>
<!-- Generated by org.testng.reporters.JUnitReportReporter -->
<testsuite skipped="0" hostname="IBM925-PC0GJ3K1" name="com.training.sanity.tests.TC20CustomerDetailsTests" tests="3" failures="0" timestamp="27 Feb 2019 14:14:27 GMT" time="5.647" errors="0">
  <testcase name="showCustomers" time="3.596" classname="com.training.sanity.tests.TC20CustomerDetailsTests"/>
  <testcase name="testWithCustomerName" time="0.977" classname="com.training.sanity.tests.TC20CustomerDetailsTests"/>
  <testcase name="testWithCustomerEmail" time="1.074" classname="com.training.sanity.tests.TC20CustomerDetailsTests"/>
</testsuite> <!-- com.training.sanity.tests.TC20CustomerDetailsTests -->
