<?xml version="1.0" encoding="UTF-8"?>
<!-- Generated by org.testng.reporters.JUnitReportReporter -->
<testsuite skipped="0" hostname="IBM925-PC0GJ3K1" name="com.training.sanity.tests.TC16FilterOrderDetailsTests" tests="3" failures="0" timestamp="03 Mar 2019 07:50:13 GMT" time="11.387" errors="0">
  <testcase name="showOrders" time="8.782" classname="com.training.sanity.tests.TC16FilterOrderDetailsTests"/>
  <testcase name="testWithOrderID" time="1.290" classname="com.training.sanity.tests.TC16FilterOrderDetailsTests"/>
  <testcase name="testWithCustomerName" time="1.315" classname="com.training.sanity.tests.TC16FilterOrderDetailsTests"/>
</testsuite> <!-- com.training.sanity.tests.TC16FilterOrderDetailsTests -->
